<?xml version="1.0" encoding="UTF-8"?>
<!-- Generated by org.testng.reporters.JUnitXMLReporter -->
<testsuite ignored="0" hostname="DESKTOP-G76Q39E" failures="0" tests="1" name="Test" time="0.112" errors="0" timestamp="2025-04-16T16:47:39 IST">
  <testcase classname="testCases.baseClass" name="@BeforeClass setup" time="0.047">
    <failure type="java.lang.IllegalStateException" message="The driver executable must exist: C:\Users\GauravJ\Downloads\chromedriver_win32(2)\Chrome-win32\chromedriver.exe">
      <![CDATA[java.lang.IllegalStateException: The driver executable must exist: C:\Users\GauravJ\Downloads\chromedriver_win32(2)\Chrome-win32\chromedriver.exe
at org.openqa.selenium.internal.Require$FileStateChecker.isFile(Require.java:342)
at org.openqa.selenium.remote.service.DriverService.checkExecutable(DriverService.java:147)
at org.openqa.selenium.remote.service.DriverService.findExecutable(DriverService.java:142)
at org.openqa.selenium.chrome.ChromeDriverService.access$000(ChromeDriverService.java:38)
at org.openqa.selenium.chrome.ChromeDriverService$Builder.findDefaultExecutable(ChromeDriverService.java:231)
at org.openqa.selenium.remote.service.DriverService$Builder.build(DriverService.java:437)
at org.openqa.selenium.chrome.ChromeDriverService.createDefaultService(ChromeDriverService.java:127)
at org.openqa.selenium.chrome.ChromeDriver.<init>(ChromeDriver.java:48)
at testCases.baseClass.setup(baseClass.java:19)
at java.base/java.util.ArrayList.forEach(ArrayList.java:1511)
... Removed 25 stack frames]]>
    </failure>
  </testcase> <!-- @BeforeClass setup -->
  <testcase classname="testCases.TC005_TDSform" name="tdsform" time="0.0">
    <skipped/>
  </testcase> <!-- tdsform -->
</testsuite> <!-- Test -->
