<?xml version="1.0" encoding="UTF-8"?>
<!-- Generated by org.testng.reporters.JUnitXMLReporter -->
<testsuite ignored="1" hostname="DESKTOP-G76Q39E" failures="0" tests="1" name="Test" time="25.028" errors="0" timestamp="2025-04-14T18:34:38 IST">
  <testcase classname="testCases.TC002_newlistingtest" name="newlistingtest" time="17.825"/>
  <testcase classname="testCases.baseClass" name="@AfterTest Teardown" time="0.0">
    <ignored/>
  </testcase> <!-- @AfterTest Teardown -->
</testsuite> <!-- Test -->
