<?xml version="1.0" encoding="UTF-8"?>
<testng-results ignored="0" total="1" passed="1" failed="0" skipped="0">
  <reporter-output>
  </reporter-output>
  <suite started-at="2025-04-14T18:31:48 IST" name="Suite" finished-at="2025-04-14T18:32:11 IST" duration-ms="22297">
    <groups>
    </groups>
    <test started-at="2025-04-14T18:31:48 IST" name="Test" finished-at="2025-04-14T18:32:11 IST" duration-ms="22297">
      <class name="testCases.TC001_userregistrationtest">
        <test-method is-config="true" signature="setup()[pri:0, instance:testCases.TC001_userregistrationtest@185a6e9]" started-at="2025-04-14T18:31:49 IST" name="setup" finished-at="2025-04-14T18:32:02 IST" duration-ms="13632" status="PASS">
          <reporter-output>
          </reporter-output>
        </test-method> <!-- setup -->
        <test-method signature="userregistrationtest()[pri:0, instance:testCases.TC001_userregistrationtest@185a6e9]" started-at="2025-04-14T18:32:02 IST" name="userregistrationtest" finished-at="2025-04-14T18:32:11 IST" duration-ms="8224" status="PASS">
          <reporter-output>
          </reporter-output>
        </test-method> <!-- userregistrationtest -->
        <test-method is-config="true" signature="randomemail()[pri:0, instance:testCases.TC001_userregistrationtest@185a6e9]" started-at="2025-04-14T18:32:11 IST" name="randomemail" finished-at="2025-04-14T18:32:11 IST" duration-ms="1" status="PASS">
          <reporter-output>
          </reporter-output>
        </test-method> <!-- randomemail -->
      </class> <!-- testCases.TC001_userregistrationtest -->
    </test> <!-- Test -->
  </suite> <!-- Suite -->
</testng-results>
